<?xml version="1.0" encoding="UTF-8"?>
<!-- Generated by org.testng.reporters.JUnitReportReporter -->
<testsuite skipped="0" hostname="LAPTOP-G007Q9C5" name="tests.MavenCMDDemo" tests="2" failures="0" timestamp="2022-02-16T10:10:39 IST" time="0.091" errors="0">
  <testcase name="titleTest" time="0.022" classname="tests.MavenCMDDemo"/>
  <system-out/>
  <testcase name="userSpaceTest" time="0.069" classname="tests.MavenCMDDemo"/>
  <system-out/>
</testsuite> <!-- tests.MavenCMDDemo -->
